        -:    0:Source:cardtest4.c
        -:    0:Graph:cardtest4.gcno
        -:    0:Data:cardtest4.gcda
        -:    0:Runs:1
        -:    0:Programs:1
        -:    1:#include "anassert.h"
        -:    2:#include "dominion.h"
        -:    3:#include "dominion_helpers.h"
        -:    4:
        1:    5:int main()
        -:    6:{
        1:    7:	struct gameState* state = calloc(1, sizeof(struct gameState));
        -:    8:	int test, expect;
        -:    9:
        1:   10:	expect = scoreFor(0, state);
        -:   11:	//Testing garden (test winners???)
        1:   12:	cardEffect(10,2,0,0,state,0,0);
        1:   13:	test = scoreFor(0, state);
        -:   14:
        1:   15:	anassert(test>=expect);
        1:   16:	return 0;
        -:   17:}
