        -:    0:Source:cardtest1.c
        -:    0:Graph:cardtest1.gcno
        -:    0:Data:cardtest1.gcda
        -:    0:Runs:1
        -:    0:Programs:1
        -:    1:#include "anassert.h"
        -:    2:#include "dominion.h"
        -:    3:#include "dominion_helpers.h"
        -:    4:
        1:    5:int main()
        -:    6:{
        1:    7:	struct gameState* state = calloc(1, sizeof(struct gameState));
        -:    8:	int test, expect;
        -:    9:
        1:   10:	expect = state->handCount[0]+3;
        -:   11:
        -:   12:	//Testing smithy
        1:   13:	cardEffect(13,0,0,0,state,0,0);
        1:   14:	test = state->handCount[0];
        -:   15:
        1:   16:	anassert(test==expect);
        -:   17:
        1:   18:	return 0;
        -:   19:}
