        -:    0:Source:cardtest3.c
        -:    0:Graph:cardtest3.gcno
        -:    0:Data:cardtest3.gcda
        -:    0:Runs:1
        -:    0:Programs:1
        -:    1:#include "anassert.h"
        -:    2:#include "dominion.h"
        -:    3:#include "dominion_helpers.h"
        -:    4:
        1:    5:int main()
        -:    6:{
        1:    7:	struct gameState* state = calloc(1, sizeof(struct gameState));
        -:    8:	int test, expect;
        -:    9:
        1:   10:	expect = state->coins+2;
        -:   11:
        -:   12:	//Testing outpost
        1:   13:	cardEffect(18,2,0,0,state,0,0);
        1:   14:	test = state->coins;
        -:   15:
        1:   16:	anassert(test==expect);
        1:   17:	return 0;
        -:   18:}
