        -:    0:Source:unittest1.c
        -:    0:Graph:unittest1.gcno
        -:    0:Data:unittest1.gcda
        -:    0:Runs:1
        -:    0:Programs:1
        -:    1:#include "anassert.h"
        -:    2:
        1:    3:int main()
        -:    4:{
        1:    5:	int i = 0;
        1:    6:	int* k = kingdomCards(0,1,2,3,4,5,6,7,8,9);
        -:    7:	
       11:    8:	for(i = 0; i < 10; i++)
        -:    9:	{
       10:   10:		anassert(k[i] == i);
        -:   11:	}
        1:   12:	return 0;
        -:   13:}
